<?xml version="1.0" encoding="UTF-8"?>
<!-- Generated by org.testng.reporters.JUnitReportReporter -->
<testsuite hostname="DESKTOP-V8USVGF" failures="0" tests="1" name="test.TestSuite" time="78.236" errors="0" timestamp="2023-05-19T07:13:41 IST" skipped="0">
  <testcase classname="test.TestSuite" name="executeAllTests" time="78.236"/>
  <system-out/>
</testsuite> <!-- test.TestSuite -->
