<?xml version="1.0" encoding="UTF-8"?>
<!-- Generated by org.testng.reporters.JUnitReportReporter -->
<testsuite hostname="DESKTOP-V8USVGF" failures="0" tests="3" name="testextentreport.TestSuite" time="89.204" errors="0" timestamp="2023-05-15T14:32:24 IST" skipped="0">
  <testcase classname="testextentreport.TestSuite" name="login" time="22.545"/>
  <system-out/>
  <testcase classname="testextentreport.TestSuite" name="account" time="24.260"/>
  <system-out/>
  <testcase classname="testextentreport.TestSuite" name="opportunity" time="42.399"/>
  <system-out/>
</testsuite> <!-- testextentreport.TestSuite -->
